[0.055s] Invoking command in '/home/robousr/ROS2Dev/robot_2025_ws/build/practical_description': /usr/bin/cmake /home/robousr/ROS2Dev/robot_2025_ws/src/practical_description -DCMAKE_INSTALL_PREFIX=/home/robousr/ROS2Dev/robot_2025_ws/install/practical_description
[0.090s] -- Found ament_cmake: 1.3.10 (/opt/ros/humble/share/ament_cmake/cmake)
[0.813s] -- Found ament_lint_auto: 0.12.11 (/opt/ros/humble/share/ament_lint_auto/cmake)
[1.076s] Error parsing '/home/robousr/ROS2Dev/robot_2025_ws/src/practical_description/package.xml':
[1.209s] Traceback (most recent call last):
[1.209s]   File "/opt/ros/humble/share/ament_cmake_core/cmake/core/package_xml_2_cmake.py", line 150, in <module>
[1.210s]     main()
[1.210s]   File "/opt/ros/humble/share/ament_cmake_core/cmake/core/package_xml_2_cmake.py", line 53, in main
[1.210s]     raise e
[1.211s]   File "/opt/ros/humble/share/ament_cmake_core/cmake/core/package_xml_2_cmake.py", line 49, in main
[1.211s]     package = parse_package_string(
[1.211s]   File "/usr/lib/python3/dist-packages/catkin_pkg/package.py", line 788, in parse_package_string
[1.211s]     pkg.validate(warnings=warnings)
[1.211s]   File "/usr/lib/python3/dist-packages/catkin_pkg/package.py", line 330, in validate
[1.212s]     raise InvalidPackage('\n'.join(errors), self.filename)
[1.212s] catkin_pkg.package.InvalidPackage: Error(s) in package '/home/robousr/ROS2Dev/robot_2025_ws/src/practical_description/package.xml':
[1.212s] Invalid email "Castillo-16" for person "robousr"
[1.246s] [31mCMake Error at /opt/ros/humble/share/ament_cmake_core/cmake/core/ament_package_xml.cmake:95 (message):
[1.247s]   execute_process(/home/robousr/.pyenv/shims/python3
[1.247s]   /opt/ros/humble/share/ament_cmake_core/cmake/core/package_xml_2_cmake.py
[1.247s]   /home/robousr/ROS2Dev/robot_2025_ws/src/practical_description/package.xml
[1.248s]   /home/robousr/ROS2Dev/robot_2025_ws/build/practical_description/ament_cmake_core/package.cmake)
[1.249s]   returned error code 1
[1.249s] Call Stack (most recent call first):
[1.249s]   /opt/ros/humble/share/ament_cmake_core/cmake/core/ament_package_xml.cmake:49 (_ament_package_xml)
[1.249s]   /opt/ros/humble/share/ament_lint_auto/cmake/ament_lint_auto_find_test_dependencies.cmake:31 (ament_package_xml)
[1.250s]   CMakeLists.txt:28 (ament_lint_auto_find_test_dependencies)
[1.251s] 
[1.252s] [0m
[1.252s] -- Configuring incomplete, errors occurred!
[1.253s] See also "/home/robousr/ROS2Dev/robot_2025_ws/build/practical_description/CMakeFiles/CMakeOutput.log".
[1.258s] Invoked command in '/home/robousr/ROS2Dev/robot_2025_ws/build/practical_description' returned '1': /usr/bin/cmake /home/robousr/ROS2Dev/robot_2025_ws/src/practical_description -DCMAKE_INSTALL_PREFIX=/home/robousr/ROS2Dev/robot_2025_ws/install/practical_description
