[0.023s] Invoking command in '/home/robousr/ROS2Dev/robot_2025_ws/build/blink_description': CMAKE_PREFIX_PATH=${CMAKE_PREFIX_PATH}:/opt/ros/humble /usr/bin/cmake --build /home/robousr/ROS2Dev/robot_2025_ws/build/blink_description -- -j2 -l2
[0.105s] Invoked command in '/home/robousr/ROS2Dev/robot_2025_ws/build/blink_description' returned '0': CMAKE_PREFIX_PATH=${CMAKE_PREFIX_PATH}:/opt/ros/humble /usr/bin/cmake --build /home/robousr/ROS2Dev/robot_2025_ws/build/blink_description -- -j2 -l2
[0.183s] Invoking command in '/home/robousr/ROS2Dev/robot_2025_ws/build/blink_description': CMAKE_PREFIX_PATH=${CMAKE_PREFIX_PATH}:/opt/ros/humble /usr/bin/cmake --install /home/robousr/ROS2Dev/robot_2025_ws/build/blink_description
[0.197s] -- Install configuration: ""
[0.198s] -- Up-to-date: /home/robousr/ROS2Dev/robot_2025_ws/install/blink_description/share/blink_description//urdf
[0.198s] -- Installing: /home/robousr/ROS2Dev/robot_2025_ws/install/blink_description/share/blink_description//urdf/basic_link.urdf
[0.199s] -- Up-to-date: /home/robousr/ROS2Dev/robot_2025_ws/install/blink_description/share/blink_description//launch
[0.199s] -- Up-to-date: /home/robousr/ROS2Dev/robot_2025_ws/install/blink_description/share/blink_description//launch/basic_link_display.launch.py
[0.200s] -- Up-to-date: /home/robousr/ROS2Dev/robot_2025_ws/install/blink_description/share/blink_description//launch/basic_link_display.launch.xml
[0.200s] -- Up-to-date: /home/robousr/ROS2Dev/robot_2025_ws/install/blink_description/share/blink_description//rviz
[0.200s] -- Up-to-date: /home/robousr/ROS2Dev/robot_2025_ws/install/blink_description/share/blink_description//rviz/basic_link_config.rviz
[0.200s] -- Up-to-date: /home/robousr/ROS2Dev/robot_2025_ws/install/blink_description/share/ament_index/resource_index/package_run_dependencies/blink_description
[0.201s] -- Up-to-date: /home/robousr/ROS2Dev/robot_2025_ws/install/blink_description/share/ament_index/resource_index/parent_prefix_path/blink_description
[0.201s] -- Up-to-date: /home/robousr/ROS2Dev/robot_2025_ws/install/blink_description/share/blink_description/environment/ament_prefix_path.sh
[0.201s] -- Up-to-date: /home/robousr/ROS2Dev/robot_2025_ws/install/blink_description/share/blink_description/environment/ament_prefix_path.dsv
[0.202s] -- Up-to-date: /home/robousr/ROS2Dev/robot_2025_ws/install/blink_description/share/blink_description/environment/path.sh
[0.202s] -- Up-to-date: /home/robousr/ROS2Dev/robot_2025_ws/install/blink_description/share/blink_description/environment/path.dsv
[0.202s] -- Up-to-date: /home/robousr/ROS2Dev/robot_2025_ws/install/blink_description/share/blink_description/local_setup.bash
[0.203s] -- Up-to-date: /home/robousr/ROS2Dev/robot_2025_ws/install/blink_description/share/blink_description/local_setup.sh
[0.203s] -- Up-to-date: /home/robousr/ROS2Dev/robot_2025_ws/install/blink_description/share/blink_description/local_setup.zsh
[0.203s] -- Up-to-date: /home/robousr/ROS2Dev/robot_2025_ws/install/blink_description/share/blink_description/local_setup.dsv
[0.203s] -- Installing: /home/robousr/ROS2Dev/robot_2025_ws/install/blink_description/share/blink_description/package.dsv
[0.205s] -- Up-to-date: /home/robousr/ROS2Dev/robot_2025_ws/install/blink_description/share/ament_index/resource_index/packages/blink_description
[0.205s] -- Up-to-date: /home/robousr/ROS2Dev/robot_2025_ws/install/blink_description/share/blink_description/cmake/blink_descriptionConfig.cmake
[0.205s] -- Up-to-date: /home/robousr/ROS2Dev/robot_2025_ws/install/blink_description/share/blink_description/cmake/blink_descriptionConfig-version.cmake
[0.206s] -- Up-to-date: /home/robousr/ROS2Dev/robot_2025_ws/install/blink_description/share/blink_description/package.xml
[0.208s] Invoked command in '/home/robousr/ROS2Dev/robot_2025_ws/build/blink_description' returned '0': CMAKE_PREFIX_PATH=${CMAKE_PREFIX_PATH}:/opt/ros/humble /usr/bin/cmake --install /home/robousr/ROS2Dev/robot_2025_ws/build/blink_description
