[3.650s] DEBUG:colcon:Command line arguments: ['/usr/bin/colcon', 'list', '-p', '--base-paths', '/home/robousr/ROS2Dev/robot_2025_ws']
[3.679s] DEBUG:colcon:Parsed command line arguments: Namespace(log_base=None, log_level=None, verb_name='list', build_base='build', ignore_user_meta=False, metas=['./colcon.meta'], base_paths=['/home/robousr/ROS2Dev/robot_2025_ws'], packages_ignore=None, packages_ignore_regex=None, paths=None, packages_up_to=None, packages_up_to_regex=None, packages_above=None, packages_above_and_dependencies=None, packages_above_depth=None, packages_select_by_dep=None, packages_skip_by_dep=None, packages_skip_up_to=None, packages_select_build_failed=False, packages_skip_build_finished=False, packages_select_test_failures=False, packages_skip_test_passed=False, packages_select=None, packages_skip=None, packages_select_regex=None, packages_skip_regex=None, packages_start=None, packages_end=None, allow_overriding=[], topological_order=False, names_only=False, paths_only=True, topological_graph=False, topological_graph_dot=False, topological_graph_density=False, topological_graph_legend=False, topological_graph_dot_cluster=False, topological_graph_dot_include_skipped=False, mixin_files=None, mixin=None, verb_parser=<colcon_mixin.mixin.mixin_argument.MixinArgumentDecorator object at 0x77813c38c0d0>, verb_extension=<colcon_package_information.verb.list.ListVerb object at 0x77813c34b040>, main=<bound method ListVerb.main of <colcon_package_information.verb.list.ListVerb object at 0x77813c34b040>>, mixin_verb=('list',))
[9.287s] Level 1:colcon.colcon_core.package_discovery:discover_packages(colcon_meta) check parameters
[9.305s] Level 1:colcon.colcon_core.package_discovery:discover_packages(recursive) check parameters
[9.305s] Level 1:colcon.colcon_core.package_discovery:discover_packages(ignore) check parameters
[9.305s] Level 1:colcon.colcon_core.package_discovery:discover_packages(path) check parameters
[9.305s] Level 1:colcon.colcon_core.package_discovery:discover_packages(recursive) discover
[9.305s] INFO:colcon.colcon_core.package_discovery:Crawling recursively for packages in '/home/robousr/ROS2Dev/robot_2025_ws'
[9.312s] Level 1:colcon.colcon_core.package_identification:_identify(/home/robousr/ROS2Dev/robot_2025_ws) by extensions ['ignore', 'ignore_ament_install']
[9.313s] Level 1:colcon.colcon_core.package_identification:_identify(/home/robousr/ROS2Dev/robot_2025_ws) by extension 'ignore'
[9.313s] Level 1:colcon.colcon_core.package_identification:_identify(/home/robousr/ROS2Dev/robot_2025_ws) by extension 'ignore_ament_install'
[9.313s] Level 1:colcon.colcon_core.package_identification:_identify(/home/robousr/ROS2Dev/robot_2025_ws) by extensions ['colcon_pkg']
[9.313s] Level 1:colcon.colcon_core.package_identification:_identify(/home/robousr/ROS2Dev/robot_2025_ws) by extension 'colcon_pkg'
[9.313s] Level 1:colcon.colcon_core.package_identification:_identify(/home/robousr/ROS2Dev/robot_2025_ws) by extensions ['colcon_meta']
[9.313s] Level 1:colcon.colcon_core.package_identification:_identify(/home/robousr/ROS2Dev/robot_2025_ws) by extension 'colcon_meta'
[9.314s] Level 1:colcon.colcon_core.package_identification:_identify(/home/robousr/ROS2Dev/robot_2025_ws) by extensions ['ros']
[9.314s] Level 1:colcon.colcon_core.package_identification:_identify(/home/robousr/ROS2Dev/robot_2025_ws) by extension 'ros'
[9.543s] Level 1:colcon.colcon_core.package_identification:_identify(/home/robousr/ROS2Dev/robot_2025_ws) by extensions ['cmake', 'python']
[9.543s] Level 1:colcon.colcon_core.package_identification:_identify(/home/robousr/ROS2Dev/robot_2025_ws) by extension 'cmake'
[9.572s] Level 1:colcon.colcon_core.package_identification:_identify(/home/robousr/ROS2Dev/robot_2025_ws) by extension 'python'
[9.588s] Level 1:colcon.colcon_core.package_identification:_identify(/home/robousr/ROS2Dev/robot_2025_ws) by extensions ['python_setup_py']
[9.588s] Level 1:colcon.colcon_core.package_identification:_identify(/home/robousr/ROS2Dev/robot_2025_ws) by extension 'python_setup_py'
[9.600s] Level 1:colcon.colcon_core.package_identification:_identify(/home/robousr/ROS2Dev/robot_2025_ws/build) by extensions ['ignore', 'ignore_ament_install']
[9.601s] Level 1:colcon.colcon_core.package_identification:_identify(/home/robousr/ROS2Dev/robot_2025_ws/build) by extension 'ignore'
[9.601s] Level 1:colcon.colcon_core.package_identification:_identify(/home/robousr/ROS2Dev/robot_2025_ws/build) ignored
[9.602s] Level 1:colcon.colcon_core.package_identification:_identify(/home/robousr/ROS2Dev/robot_2025_ws/install) by extensions ['ignore', 'ignore_ament_install']
[9.602s] Level 1:colcon.colcon_core.package_identification:_identify(/home/robousr/ROS2Dev/robot_2025_ws/install) by extension 'ignore'
[9.602s] Level 1:colcon.colcon_core.package_identification:_identify(/home/robousr/ROS2Dev/robot_2025_ws/install) ignored
[9.603s] Level 1:colcon.colcon_core.package_identification:_identify(/home/robousr/ROS2Dev/robot_2025_ws/log) by extensions ['ignore', 'ignore_ament_install']
[9.603s] Level 1:colcon.colcon_core.package_identification:_identify(/home/robousr/ROS2Dev/robot_2025_ws/log) by extension 'ignore'
[9.603s] Level 1:colcon.colcon_core.package_identification:_identify(/home/robousr/ROS2Dev/robot_2025_ws/log) ignored
[9.656s] Level 1:colcon.colcon_core.package_identification:_identify(/home/robousr/ROS2Dev/robot_2025_ws/src) by extensions ['ignore', 'ignore_ament_install']
[9.656s] Level 1:colcon.colcon_core.package_identification:_identify(/home/robousr/ROS2Dev/robot_2025_ws/src) by extension 'ignore'
[9.656s] Level 1:colcon.colcon_core.package_identification:_identify(/home/robousr/ROS2Dev/robot_2025_ws/src) by extension 'ignore_ament_install'
[9.656s] Level 1:colcon.colcon_core.package_identification:_identify(/home/robousr/ROS2Dev/robot_2025_ws/src) by extensions ['colcon_pkg']
[9.656s] Level 1:colcon.colcon_core.package_identification:_identify(/home/robousr/ROS2Dev/robot_2025_ws/src) by extension 'colcon_pkg'
[9.657s] Level 1:colcon.colcon_core.package_identification:_identify(/home/robousr/ROS2Dev/robot_2025_ws/src) by extensions ['colcon_meta']
[9.657s] Level 1:colcon.colcon_core.package_identification:_identify(/home/robousr/ROS2Dev/robot_2025_ws/src) by extension 'colcon_meta'
[9.657s] Level 1:colcon.colcon_core.package_identification:_identify(/home/robousr/ROS2Dev/robot_2025_ws/src) by extensions ['ros']
[9.657s] Level 1:colcon.colcon_core.package_identification:_identify(/home/robousr/ROS2Dev/robot_2025_ws/src) by extension 'ros'
[9.658s] Level 1:colcon.colcon_core.package_identification:_identify(/home/robousr/ROS2Dev/robot_2025_ws/src) by extensions ['cmake', 'python']
[9.658s] Level 1:colcon.colcon_core.package_identification:_identify(/home/robousr/ROS2Dev/robot_2025_ws/src) by extension 'cmake'
[9.658s] Level 1:colcon.colcon_core.package_identification:_identify(/home/robousr/ROS2Dev/robot_2025_ws/src) by extension 'python'
[9.658s] Level 1:colcon.colcon_core.package_identification:_identify(/home/robousr/ROS2Dev/robot_2025_ws/src) by extensions ['python_setup_py']
[9.659s] Level 1:colcon.colcon_core.package_identification:_identify(/home/robousr/ROS2Dev/robot_2025_ws/src) by extension 'python_setup_py'
[9.692s] Level 1:colcon.colcon_core.package_identification:_identify(/home/robousr/ROS2Dev/robot_2025_ws/src/practical_description) by extensions ['ignore', 'ignore_ament_install']
[9.693s] Level 1:colcon.colcon_core.package_identification:_identify(/home/robousr/ROS2Dev/robot_2025_ws/src/practical_description) by extension 'ignore'
[9.693s] Level 1:colcon.colcon_core.package_identification:_identify(/home/robousr/ROS2Dev/robot_2025_ws/src/practical_description) by extension 'ignore_ament_install'
[9.693s] Level 1:colcon.colcon_core.package_identification:_identify(/home/robousr/ROS2Dev/robot_2025_ws/src/practical_description) by extensions ['colcon_pkg']
[9.693s] Level 1:colcon.colcon_core.package_identification:_identify(/home/robousr/ROS2Dev/robot_2025_ws/src/practical_description) by extension 'colcon_pkg'
[9.693s] Level 1:colcon.colcon_core.package_identification:_identify(/home/robousr/ROS2Dev/robot_2025_ws/src/practical_description) by extensions ['colcon_meta']
[9.693s] Level 1:colcon.colcon_core.package_identification:_identify(/home/robousr/ROS2Dev/robot_2025_ws/src/practical_description) by extension 'colcon_meta'
[9.694s] Level 1:colcon.colcon_core.package_identification:_identify(/home/robousr/ROS2Dev/robot_2025_ws/src/practical_description) by extensions ['ros']
[9.694s] Level 1:colcon.colcon_core.package_identification:_identify(/home/robousr/ROS2Dev/robot_2025_ws/src/practical_description) by extension 'ros'
[9.773s] DEBUG:colcon.colcon_core.package_identification:Found ROS schema reference in package manifest in '/home/robousr/ROS2Dev/robot_2025_ws/src/practical_description'
[9.773s] WARNING:colcon.colcon_core.package_identification:Failed to parse ROS package manifest in '/home/robousr/ROS2Dev/robot_2025_ws/src/practical_description': Error(s) in package '/home/robousr/ROS2Dev/robot_2025_ws/src/practical_description/package.xml':
Invalid email "Castillo-16" for person "robousr"
[9.779s] Level 1:colcon.colcon_core.package_identification:_identify(/home/robousr/ROS2Dev/robot_2025_ws/src/practical_description) by extensions ['cmake', 'python']
[9.779s] Level 1:colcon.colcon_core.package_identification:_identify(/home/robousr/ROS2Dev/robot_2025_ws/src/practical_description) by extension 'cmake'
[9.783s] Level 1:colcon.colcon_core.package_identification:_identify(/home/robousr/ROS2Dev/robot_2025_ws/src/practical_description) by extension 'python'
[9.783s] DEBUG:colcon.colcon_core.package_identification:Package '/home/robousr/ROS2Dev/robot_2025_ws/src/practical_description' with type 'cmake' and name 'practical_description'
[9.783s] Level 1:colcon.colcon_core.package_discovery:discover_packages(recursive) using defaults
