[2.278s] DEBUG:colcon:Command line arguments: ['/usr/bin/colcon', 'list', '-p', '--base-paths', '/home/robousr/ROS2Dev/robot_2025_ws']
[2.278s] DEBUG:colcon:Parsed command line arguments: Namespace(log_base=None, log_level=None, verb_name='list', build_base='build', ignore_user_meta=False, metas=['./colcon.meta'], base_paths=['/home/robousr/ROS2Dev/robot_2025_ws'], packages_ignore=None, packages_ignore_regex=None, paths=None, packages_up_to=None, packages_up_to_regex=None, packages_above=None, packages_above_and_dependencies=None, packages_above_depth=None, packages_select_by_dep=None, packages_skip_by_dep=None, packages_skip_up_to=None, packages_select_build_failed=False, packages_skip_build_finished=False, packages_select_test_failures=False, packages_skip_test_passed=False, packages_select=None, packages_skip=None, packages_select_regex=None, packages_skip_regex=None, packages_start=None, packages_end=None, allow_overriding=[], topological_order=False, names_only=False, paths_only=True, topological_graph=False, topological_graph_dot=False, topological_graph_density=False, topological_graph_legend=False, topological_graph_dot_cluster=False, topological_graph_dot_include_skipped=False, mixin_files=None, mixin=None, verb_parser=<colcon_mixin.mixin.mixin_argument.MixinArgumentDecorator object at 0x7bb68da47a30>, verb_extension=<colcon_package_information.verb.list.ListVerb object at 0x7bb68da47280>, main=<bound method ListVerb.main of <colcon_package_information.verb.list.ListVerb object at 0x7bb68da47280>>, mixin_verb=('list',))
[5.187s] Level 1:colcon.colcon_core.package_discovery:discover_packages(colcon_meta) check parameters
[5.222s] Level 1:colcon.colcon_core.package_discovery:discover_packages(recursive) check parameters
[5.222s] Level 1:colcon.colcon_core.package_discovery:discover_packages(ignore) check parameters
[5.222s] Level 1:colcon.colcon_core.package_discovery:discover_packages(path) check parameters
[5.222s] Level 1:colcon.colcon_core.package_discovery:discover_packages(recursive) discover
[5.224s] INFO:colcon.colcon_core.package_discovery:Crawling recursively for packages in '/home/robousr/ROS2Dev/robot_2025_ws'
[5.240s] Level 1:colcon.colcon_core.package_identification:_identify(/home/robousr/ROS2Dev/robot_2025_ws) by extensions ['ignore', 'ignore_ament_install']
[5.240s] Level 1:colcon.colcon_core.package_identification:_identify(/home/robousr/ROS2Dev/robot_2025_ws) by extension 'ignore'
[5.241s] Level 1:colcon.colcon_core.package_identification:_identify(/home/robousr/ROS2Dev/robot_2025_ws) by extension 'ignore_ament_install'
[5.241s] Level 1:colcon.colcon_core.package_identification:_identify(/home/robousr/ROS2Dev/robot_2025_ws) by extensions ['colcon_pkg']
[5.241s] Level 1:colcon.colcon_core.package_identification:_identify(/home/robousr/ROS2Dev/robot_2025_ws) by extension 'colcon_pkg'
[5.241s] Level 1:colcon.colcon_core.package_identification:_identify(/home/robousr/ROS2Dev/robot_2025_ws) by extensions ['colcon_meta']
[5.241s] Level 1:colcon.colcon_core.package_identification:_identify(/home/robousr/ROS2Dev/robot_2025_ws) by extension 'colcon_meta'
[5.241s] Level 1:colcon.colcon_core.package_identification:_identify(/home/robousr/ROS2Dev/robot_2025_ws) by extensions ['ros']
[5.241s] Level 1:colcon.colcon_core.package_identification:_identify(/home/robousr/ROS2Dev/robot_2025_ws) by extension 'ros'
[5.512s] Level 1:colcon.colcon_core.package_identification:_identify(/home/robousr/ROS2Dev/robot_2025_ws) by extensions ['cmake', 'python']
[5.527s] Level 1:colcon.colcon_core.package_identification:_identify(/home/robousr/ROS2Dev/robot_2025_ws) by extension 'cmake'
[5.527s] Level 1:colcon.colcon_core.package_identification:_identify(/home/robousr/ROS2Dev/robot_2025_ws) by extension 'python'
[5.527s] Level 1:colcon.colcon_core.package_identification:_identify(/home/robousr/ROS2Dev/robot_2025_ws) by extensions ['python_setup_py']
[5.528s] Level 1:colcon.colcon_core.package_identification:_identify(/home/robousr/ROS2Dev/robot_2025_ws) by extension 'python_setup_py'
[5.534s] Level 1:colcon.colcon_core.package_identification:_identify(/home/robousr/ROS2Dev/robot_2025_ws/build) by extensions ['ignore', 'ignore_ament_install']
[5.535s] Level 1:colcon.colcon_core.package_identification:_identify(/home/robousr/ROS2Dev/robot_2025_ws/build) by extension 'ignore'
[5.535s] Level 1:colcon.colcon_core.package_identification:_identify(/home/robousr/ROS2Dev/robot_2025_ws/build) ignored
[5.544s] Level 1:colcon.colcon_core.package_identification:_identify(/home/robousr/ROS2Dev/robot_2025_ws/install) by extensions ['ignore', 'ignore_ament_install']
[5.552s] Level 1:colcon.colcon_core.package_identification:_identify(/home/robousr/ROS2Dev/robot_2025_ws/install) by extension 'ignore'
[5.556s] Level 1:colcon.colcon_core.package_identification:_identify(/home/robousr/ROS2Dev/robot_2025_ws/install) ignored
[5.557s] Level 1:colcon.colcon_core.package_identification:_identify(/home/robousr/ROS2Dev/robot_2025_ws/log) by extensions ['ignore', 'ignore_ament_install']
[5.557s] Level 1:colcon.colcon_core.package_identification:_identify(/home/robousr/ROS2Dev/robot_2025_ws/log) by extension 'ignore'
[5.557s] Level 1:colcon.colcon_core.package_identification:_identify(/home/robousr/ROS2Dev/robot_2025_ws/log) ignored
[5.581s] Level 1:colcon.colcon_core.package_identification:_identify(/home/robousr/ROS2Dev/robot_2025_ws/practica1) by extensions ['ignore', 'ignore_ament_install']
[5.582s] Level 1:colcon.colcon_core.package_identification:_identify(/home/robousr/ROS2Dev/robot_2025_ws/practica1) by extension 'ignore'
[5.582s] Level 1:colcon.colcon_core.package_identification:_identify(/home/robousr/ROS2Dev/robot_2025_ws/practica1) by extension 'ignore_ament_install'
[5.582s] Level 1:colcon.colcon_core.package_identification:_identify(/home/robousr/ROS2Dev/robot_2025_ws/practica1) by extensions ['colcon_pkg']
[5.582s] Level 1:colcon.colcon_core.package_identification:_identify(/home/robousr/ROS2Dev/robot_2025_ws/practica1) by extension 'colcon_pkg'
[5.582s] Level 1:colcon.colcon_core.package_identification:_identify(/home/robousr/ROS2Dev/robot_2025_ws/practica1) by extensions ['colcon_meta']
[5.582s] Level 1:colcon.colcon_core.package_identification:_identify(/home/robousr/ROS2Dev/robot_2025_ws/practica1) by extension 'colcon_meta'
[5.582s] Level 1:colcon.colcon_core.package_identification:_identify(/home/robousr/ROS2Dev/robot_2025_ws/practica1) by extensions ['ros']
[5.591s] Level 1:colcon.colcon_core.package_identification:_identify(/home/robousr/ROS2Dev/robot_2025_ws/practica1) by extension 'ros'
[5.591s] Level 1:colcon.colcon_core.package_identification:_identify(/home/robousr/ROS2Dev/robot_2025_ws/practica1) by extensions ['cmake', 'python']
[5.591s] Level 1:colcon.colcon_core.package_identification:_identify(/home/robousr/ROS2Dev/robot_2025_ws/practica1) by extension 'cmake'
[5.591s] Level 1:colcon.colcon_core.package_identification:_identify(/home/robousr/ROS2Dev/robot_2025_ws/practica1) by extension 'python'
[5.592s] Level 1:colcon.colcon_core.package_identification:_identify(/home/robousr/ROS2Dev/robot_2025_ws/practica1) by extensions ['python_setup_py']
[5.592s] Level 1:colcon.colcon_core.package_identification:_identify(/home/robousr/ROS2Dev/robot_2025_ws/practica1) by extension 'python_setup_py'
[5.592s] Level 1:colcon.colcon_core.package_identification:_identify(/home/robousr/ROS2Dev/robot_2025_ws/src) by extensions ['ignore', 'ignore_ament_install']
[5.592s] Level 1:colcon.colcon_core.package_identification:_identify(/home/robousr/ROS2Dev/robot_2025_ws/src) by extension 'ignore'
[5.592s] Level 1:colcon.colcon_core.package_identification:_identify(/home/robousr/ROS2Dev/robot_2025_ws/src) by extension 'ignore_ament_install'
[5.592s] Level 1:colcon.colcon_core.package_identification:_identify(/home/robousr/ROS2Dev/robot_2025_ws/src) by extensions ['colcon_pkg']
[5.592s] Level 1:colcon.colcon_core.package_identification:_identify(/home/robousr/ROS2Dev/robot_2025_ws/src) by extension 'colcon_pkg'
[5.604s] Level 1:colcon.colcon_core.package_identification:_identify(/home/robousr/ROS2Dev/robot_2025_ws/src) by extensions ['colcon_meta']
[5.604s] Level 1:colcon.colcon_core.package_identification:_identify(/home/robousr/ROS2Dev/robot_2025_ws/src) by extension 'colcon_meta'
[5.605s] Level 1:colcon.colcon_core.package_identification:_identify(/home/robousr/ROS2Dev/robot_2025_ws/src) by extensions ['ros']
[5.605s] Level 1:colcon.colcon_core.package_identification:_identify(/home/robousr/ROS2Dev/robot_2025_ws/src) by extension 'ros'
[5.605s] Level 1:colcon.colcon_core.package_identification:_identify(/home/robousr/ROS2Dev/robot_2025_ws/src) by extensions ['cmake', 'python']
[5.605s] Level 1:colcon.colcon_core.package_identification:_identify(/home/robousr/ROS2Dev/robot_2025_ws/src) by extension 'cmake'
[5.605s] Level 1:colcon.colcon_core.package_identification:_identify(/home/robousr/ROS2Dev/robot_2025_ws/src) by extension 'python'
[5.605s] Level 1:colcon.colcon_core.package_identification:_identify(/home/robousr/ROS2Dev/robot_2025_ws/src) by extensions ['python_setup_py']
[5.605s] Level 1:colcon.colcon_core.package_identification:_identify(/home/robousr/ROS2Dev/robot_2025_ws/src) by extension 'python_setup_py'
[5.618s] Level 1:colcon.colcon_core.package_identification:_identify(/home/robousr/ROS2Dev/robot_2025_ws/src/blink_description) by extensions ['ignore', 'ignore_ament_install']
[5.618s] Level 1:colcon.colcon_core.package_identification:_identify(/home/robousr/ROS2Dev/robot_2025_ws/src/blink_description) by extension 'ignore'
[5.618s] Level 1:colcon.colcon_core.package_identification:_identify(/home/robousr/ROS2Dev/robot_2025_ws/src/blink_description) by extension 'ignore_ament_install'
[5.618s] Level 1:colcon.colcon_core.package_identification:_identify(/home/robousr/ROS2Dev/robot_2025_ws/src/blink_description) by extensions ['colcon_pkg']
[5.618s] Level 1:colcon.colcon_core.package_identification:_identify(/home/robousr/ROS2Dev/robot_2025_ws/src/blink_description) by extension 'colcon_pkg'
[5.621s] Level 1:colcon.colcon_core.package_identification:_identify(/home/robousr/ROS2Dev/robot_2025_ws/src/blink_description) by extensions ['colcon_meta']
[5.622s] Level 1:colcon.colcon_core.package_identification:_identify(/home/robousr/ROS2Dev/robot_2025_ws/src/blink_description) by extension 'colcon_meta'
[5.622s] Level 1:colcon.colcon_core.package_identification:_identify(/home/robousr/ROS2Dev/robot_2025_ws/src/blink_description) by extensions ['ros']
[5.622s] Level 1:colcon.colcon_core.package_identification:_identify(/home/robousr/ROS2Dev/robot_2025_ws/src/blink_description) by extension 'ros'
[5.654s] DEBUG:colcon.colcon_core.package_identification:Package '/home/robousr/ROS2Dev/robot_2025_ws/src/blink_description' with type 'ros.ament_cmake' and name 'blink_description'
[5.654s] Level 1:colcon.colcon_core.package_discovery:discover_packages(recursive) using defaults
